<?xml version="1.0" encoding="UTF-8"?>
<testng-results skipped="0" failed="0" ignored="0" total="1" passed="1">
  <reporter-output>
  </reporter-output>
  <suite name="Default suite" duration-ms="10767" started-at="2020-05-30T21:07:14 IST" finished-at="2020-05-30T21:07:25 IST">
    <groups>
    </groups>
    <test name="Default test" duration-ms="10767" started-at="2020-05-30T21:07:14 IST" finished-at="2020-05-30T21:07:25 IST">
      <class name="StaticJson">
        <test-method status="PASS" signature="AddBook()[pri:0, instance:StaticJson@2362f559]" name="AddBook" duration-ms="10687" started-at="2020-05-30T21:07:14 IST" finished-at="2020-05-30T21:07:25 IST">
          <reporter-output>
          </reporter-output>
        </test-method> <!-- AddBook -->
      </class> <!-- StaticJson -->
    </test> <!-- Default test -->
  </suite> <!-- Default suite -->
</testng-results>
