<?xml version="1.0" encoding="UTF-8"?>
<testng-results skipped="0" failed="0" ignored="0" total="1" passed="1">
  <reporter-output>
  </reporter-output>
  <suite name="Default suite" duration-ms="7062" started-at="2020-01-14T16:48:23 IST" finished-at="2020-01-14T16:48:30 IST">
    <groups>
    </groups>
    <test name="Default test" duration-ms="7062" started-at="2020-01-14T16:48:23 IST" finished-at="2020-01-14T16:48:30 IST">
      <class name="basicsDelete">
        <test-method status="PASS" signature="test()[pri:0, instance:basicsDelete@58c1670b]" name="test" duration-ms="6950" started-at="2020-01-14T16:48:23 IST" finished-at="2020-01-14T16:48:30 IST">
          <reporter-output>
          </reporter-output>
        </test-method> <!-- test -->
      </class> <!-- basicsDelete -->
    </test> <!-- Default test -->
  </suite> <!-- Default suite -->
</testng-results>
